Построение начато 12.05.2013 8:12:44.
     1>Проект "C:\Users\Leon\Dropbox\Лабораторная\Labs\HDD_Query\HDD_Query\HDD_Query\HDD_Query.vcxproj" в узле 2 (целевые объекты build).
     1>InitializeBuildStatus:
         Создание "Debug\HDD_Query.unsuccessfulbuild", так как было задано "AlwaysCreate".
       ClCompile:
         P:\Microsoft Visual Studio 10.0\VC\bin\CL.exe /c /ZI /nologo /W3 /WX- /Od /Oy- /D WIN32 /D _DEBUG /D _CONSOLE /D _UNICODE /D UNICODE /Gm /EHsc /RTC1 /MDd /GS /fp:precise /Zc:wchar_t /Zc:forScope /Fo"Debug\\" /Fd"Debug\vc100.pdb" /Gd /TP /analyze- /errorReport:prompt HDD.cpp main.cpp Query.cpp QueryGenerator.cpp TQueue.cpp
         TQueue.cpp
         QueryGenerator.cpp
     1>c:\users\leon\dropbox\лабораторная\labs\hdd_query\hdd_query\hdd_query\querygenerator.cpp(17): warning C4244: аргумент: преобразование "time_t" в "unsigned int", возможна потеря данных
     1>c:\users\leon\dropbox\лабораторная\labs\hdd_query\hdd_query\hdd_query\querygenerator.cpp(23): warning C4800: int: принудительно задано логическое значение "true" или "false" (предупреждение о производительности)
         Query.cpp
         main.cpp
         HDD.cpp
         Создание кода...
       ManifestResourceCompile:
         C:\Program Files\Microsoft SDKs\Windows\v7.0A\bin\rc.exe /nologo /fo"Debug\HDD_Query.exe.embed.manifest.res" Debug\HDD_Query_manifest.rc 
       Link:
         P:\Microsoft Visual Studio 10.0\VC\bin\link.exe /ERRORREPORT:PROMPT /OUT:"C:\Users\Leon\Dropbox\Лабораторная\Labs\HDD_Query\HDD_Query\Debug\HDD_Query.exe" /INCREMENTAL /NOLOGO kernel32.lib user32.lib gdi32.lib winspool.lib comdlg32.lib advapi32.lib shell32.lib ole32.lib oleaut32.lib uuid.lib odbc32.lib odbccp32.lib /MANIFEST /ManifestFile:"Debug\HDD_Query.exe.intermediate.manifest" /MANIFESTUAC:"level='asInvoker' uiAccess='false'" /DEBUG /PDB:"C:\Users\Leon\Dropbox\Лабораторная\Labs\HDD_Query\HDD_Query\Debug\HDD_Query.pdb" /SUBSYSTEM:CONSOLE /TLBID:1 /DYNAMICBASE /NXCOMPAT /IMPLIB:"C:\Users\Leon\Dropbox\Лабораторная\Labs\HDD_Query\HDD_Query\Debug\HDD_Query.lib" /MACHINE:X86 Debug\HDD_Query.exe.embed.manifest.res
         Debug\HDD.obj
         Debug\main.obj
         Debug\Query.obj
         Debug\QueryGenerator.obj
         Debug\TQueue.obj
       Manifest:
         C:\Program Files\Microsoft SDKs\Windows\v7.0A\bin\mt.exe /nologo /verbose /out:"Debug\HDD_Query.exe.embed.manifest" /manifest Debug\HDD_Query.exe.intermediate.manifest
         Для всех выходных данных обновления не требуется.
       LinkEmbedManifest:
         Для всех выходных данных обновления не требуется.
         HDD_Query.vcxproj -> C:\Users\Leon\Dropbox\Лабораторная\Labs\HDD_Query\HDD_Query\Debug\HDD_Query.exe
       FinalizeBuildStatus:
         Файл "Debug\HDD_Query.unsuccessfulbuild" удаляется.
         Обращение к "Debug\HDD_Query.lastbuildstate".
     1>Построение проекта "C:\Users\Leon\Dropbox\Лабораторная\Labs\HDD_Query\HDD_Query\HDD_Query\HDD_Query.vcxproj" завершено (целевые объекты build).

Построение успешно завершено.

Затраченное время: 00:00:21.40
